mode: set
karavi-authorization/internal/powerflex/client.go:18.45,23.2 1 1
karavi-authorization/internal/powerflex/client.go:25.98,29.2 3 0
karavi-authorization/internal/powerflex/client.go:31.36,35.2 3 0
karavi-authorization/internal/powerflex/client.go:37.41,41.2 3 1
karavi-authorization/internal/powerflex/client.go:43.124,47.2 3 1
karavi-authorization/internal/powerflex/storage_pool_cache.go:42.103,43.19 1 1
karavi-authorization/internal/powerflex/storage_pool_cache.go:47.2,47.19 1 1
karavi-authorization/internal/powerflex/storage_pool_cache.go:51.2,52.16 2 1
karavi-authorization/internal/powerflex/storage_pool_cache.go:56.2,59.8 1 1
karavi-authorization/internal/powerflex/storage_pool_cache.go:43.19,45.3 1 1
karavi-authorization/internal/powerflex/storage_pool_cache.go:47.19,49.3 1 1
karavi-authorization/internal/powerflex/storage_pool_cache.go:52.16,54.3 1 0
karavi-authorization/internal/powerflex/storage_pool_cache.go:68.129,75.34 5 1
karavi-authorization/internal/powerflex/storage_pool_cache.go:83.2,84.16 2 1
karavi-authorization/internal/powerflex/storage_pool_cache.go:88.2,91.16 3 1
karavi-authorization/internal/powerflex/storage_pool_cache.go:95.2,96.23 2 1
karavi-authorization/internal/powerflex/storage_pool_cache.go:75.34,77.10 2 1
karavi-authorization/internal/powerflex/storage_pool_cache.go:80.3,80.19 1 1
karavi-authorization/internal/powerflex/storage_pool_cache.go:77.10,79.4 1 0
karavi-authorization/internal/powerflex/storage_pool_cache.go:84.16,86.3 1 0
karavi-authorization/internal/powerflex/storage_pool_cache.go:91.16,93.3 1 1
karavi-authorization/internal/powerflex/token_getter.go:52.44,57.2 1 1
karavi-authorization/internal/powerflex/token_getter.go:60.57,61.22 1 1
karavi-authorization/internal/powerflex/token_getter.go:65.2,72.6 7 1
karavi-authorization/internal/powerflex/token_getter.go:61.22,63.3 1 0
karavi-authorization/internal/powerflex/token_getter.go:72.6,73.10 1 1
karavi-authorization/internal/powerflex/token_getter.go:74.18,76.47 2 1
karavi-authorization/internal/powerflex/token_getter.go:77.21,78.20 1 1
karavi-authorization/internal/powerflex/token_getter.go:84.70,88.9 3 1
karavi-authorization/internal/powerflex/token_getter.go:93.2,93.15 1 1
karavi-authorization/internal/powerflex/token_getter.go:94.2,94.27 1 1
karavi-authorization/internal/powerflex/token_getter.go:89.28,89.28 0 1
karavi-authorization/internal/powerflex/token_getter.go:90.20,91.23 1 1
karavi-authorization/internal/powerflex/token_getter.go:93.15,93.27 1 1
karavi-authorization/internal/powerflex/token_getter.go:97.42,101.2 3 1
karavi-authorization/internal/powerflex/token_getter.go:103.51,105.15 2 1
karavi-authorization/internal/powerflex/token_getter.go:109.2,109.91 1 1
karavi-authorization/internal/powerflex/token_getter.go:112.2,114.16 3 1
karavi-authorization/internal/powerflex/token_getter.go:105.15,107.3 1 1
karavi-authorization/internal/powerflex/token_getter.go:109.91,111.3 1 0
